<?xml version="1.0" encoding="UTF-8"?>
<testsuite xmlns:xsi="http://www.w3.org/2001/XMLSchema-instance" xsi:noNamespaceSchemaLocation="https://maven.apache.org/surefire/maven-surefire-plugin/xsd/surefire-test-report.xsd" name="TicketServiceTest" time="0.015" tests="5" errors="0" skipped="0" failures="0">
  <properties>
[...]
</properties>
  <testcase name="getTicketsOnTrain" classname="TicketServiceTest" time="0.008"/>
  <testcase name="checkPurchaseConditions" classname="TicketServiceTest" time="0.002"/>
  <testcase name="getAllTickets" classname="TicketServiceTest" time="0.001"/>
  <testcase name="getTicketOnRoute" classname="TicketServiceTest" time="0.001"/>
  <testcase name="getTicketById" classname="TicketServiceTest" time="0.001"/>
</testsuite>